CRITICAL - 2021-03-05 19:56:03 --> syntax error, unexpected '}', expecting ';' or ','
#0 /home/miguel/Escritorio/invitacion/system/Router/Router.php(170): CodeIgniter\Router\Router->autoRoute()
#1 /home/miguel/Escritorio/invitacion/system/CodeIgniter.php(816): CodeIgniter\Router\Router->handle()
#2 /home/miguel/Escritorio/invitacion/system/CodeIgniter.php(385): CodeIgniter\CodeIgniter->tryToRouteIt()
#3 /home/miguel/Escritorio/invitacion/system/CodeIgniter.php(333): CodeIgniter\CodeIgniter->handleRequest()
#4 /home/miguel/Escritorio/invitacion/public/index.php(44): CodeIgniter\CodeIgniter->run()
#5 /home/miguel/Escritorio/invitacion/system/Commands/Server/rewrite.php(45): require_once('/home/miguel/Es...')
#6 {main}
CRITICAL - 2021-03-05 19:56:09 --> syntax error, unexpected '}', expecting ';' or ','
#0 /home/miguel/Escritorio/invitacion/system/Autoloader/Autoloader.php(265): CodeIgniter\Autoloader\Autoloader->includeFile()
#1 /home/miguel/Escritorio/invitacion/system/Autoloader/Autoloader.php(228): CodeIgniter\Autoloader\Autoloader->loadInNamespace()
#2 [internal function]: CodeIgniter\Autoloader\Autoloader->loadClass()
#3 [internal function]: spl_autoload_call()
#4 /home/miguel/Escritorio/invitacion/system/CodeIgniter.php(893): class_exists()
#5 /home/miguel/Escritorio/invitacion/system/CodeIgniter.php(417): CodeIgniter\CodeIgniter->startController()
#6 /home/miguel/Escritorio/invitacion/system/CodeIgniter.php(333): CodeIgniter\CodeIgniter->handleRequest()
#7 /home/miguel/Escritorio/invitacion/public/index.php(44): CodeIgniter\CodeIgniter->run()
#8 /home/miguel/Escritorio/invitacion/system/Commands/Server/rewrite.php(45): require_once('/home/miguel/Es...')
#9 {main}
CRITICAL - 2021-03-05 19:56:11 --> syntax error, unexpected '}', expecting ';' or ','
#0 /home/miguel/Escritorio/invitacion/system/Autoloader/Autoloader.php(265): CodeIgniter\Autoloader\Autoloader->includeFile()
#1 /home/miguel/Escritorio/invitacion/system/Autoloader/Autoloader.php(228): CodeIgniter\Autoloader\Autoloader->loadInNamespace()
#2 [internal function]: CodeIgniter\Autoloader\Autoloader->loadClass()
#3 [internal function]: spl_autoload_call()
#4 /home/miguel/Escritorio/invitacion/system/CodeIgniter.php(893): class_exists()
#5 /home/miguel/Escritorio/invitacion/system/CodeIgniter.php(417): CodeIgniter\CodeIgniter->startController()
#6 /home/miguel/Escritorio/invitacion/system/CodeIgniter.php(333): CodeIgniter\CodeIgniter->handleRequest()
#7 /home/miguel/Escritorio/invitacion/public/index.php(44): CodeIgniter\CodeIgniter->run()
#8 /home/miguel/Escritorio/invitacion/system/Commands/Server/rewrite.php(45): require_once('/home/miguel/Es...')
#9 {main}
CRITICAL - 2021-03-05 21:20:31 --> syntax error, unexpected '?>'
#0 /home/miguel/Escritorio/invitacion/system/View/View.php(222): CodeIgniter\View\View->CodeIgniter\View\{closure}()
#1 /home/miguel/Escritorio/invitacion/system/Common.php(1217): CodeIgniter\View\View->render()
#2 /home/miguel/Escritorio/invitacion/app/Controllers/Home.php(46): view()
#3 /home/miguel/Escritorio/invitacion/system/CodeIgniter.php(936): App\Controllers\Home->list()
#4 /home/miguel/Escritorio/invitacion/system/CodeIgniter.php(432): CodeIgniter\CodeIgniter->runController()
#5 /home/miguel/Escritorio/invitacion/system/CodeIgniter.php(333): CodeIgniter\CodeIgniter->handleRequest()
#6 /home/miguel/Escritorio/invitacion/public/index.php(44): CodeIgniter\CodeIgniter->run()
#7 /home/miguel/Escritorio/invitacion/system/Commands/Server/rewrite.php(45): require_once('/home/miguel/Es...')
#8 {main}
CRITICAL - 2021-03-05 21:20:54 --> Trying to get property 'nombre' of non-object
#0 /home/miguel/Escritorio/invitacion/app/Views/list_students.php(26): CodeIgniter\Debug\Exceptions->errorHandler()
#1 /home/miguel/Escritorio/invitacion/system/View/View.php(220): include('/home/miguel/Es...')
#2 /home/miguel/Escritorio/invitacion/system/View/View.php(222): CodeIgniter\View\View->CodeIgniter\View\{closure}()
#3 /home/miguel/Escritorio/invitacion/system/Common.php(1217): CodeIgniter\View\View->render()
#4 /home/miguel/Escritorio/invitacion/app/Controllers/Home.php(46): view()
#5 /home/miguel/Escritorio/invitacion/system/CodeIgniter.php(936): App\Controllers\Home->list()
#6 /home/miguel/Escritorio/invitacion/system/CodeIgniter.php(432): CodeIgniter\CodeIgniter->runController()
#7 /home/miguel/Escritorio/invitacion/system/CodeIgniter.php(333): CodeIgniter\CodeIgniter->handleRequest()
#8 /home/miguel/Escritorio/invitacion/public/index.php(44): CodeIgniter\CodeIgniter->run()
#9 /home/miguel/Escritorio/invitacion/system/Commands/Server/rewrite.php(45): require_once('/home/miguel/Es...')
#10 {main}
CRITICAL - 2021-03-05 21:21:09 --> Trying to get property 'nombre_tutor' of non-object
#0 /home/miguel/Escritorio/invitacion/app/Views/list_students.php(27): CodeIgniter\Debug\Exceptions->errorHandler()
#1 /home/miguel/Escritorio/invitacion/system/View/View.php(220): include('/home/miguel/Es...')
#2 /home/miguel/Escritorio/invitacion/system/View/View.php(222): CodeIgniter\View\View->CodeIgniter\View\{closure}()
#3 /home/miguel/Escritorio/invitacion/system/Common.php(1217): CodeIgniter\View\View->render()
#4 /home/miguel/Escritorio/invitacion/app/Controllers/Home.php(46): view()
#5 /home/miguel/Escritorio/invitacion/system/CodeIgniter.php(936): App\Controllers\Home->list()
#6 /home/miguel/Escritorio/invitacion/system/CodeIgniter.php(432): CodeIgniter\CodeIgniter->runController()
#7 /home/miguel/Escritorio/invitacion/system/CodeIgniter.php(333): CodeIgniter\CodeIgniter->handleRequest()
#8 /home/miguel/Escritorio/invitacion/public/index.php(44): CodeIgniter\CodeIgniter->run()
#9 /home/miguel/Escritorio/invitacion/system/Commands/Server/rewrite.php(45): require_once('/home/miguel/Es...')
#10 {main}
ERROR - 2021-03-05 22:02:33 --> mysqli_sql_exception: Column 'nombre' cannot be null in /home/miguel/Escritorio/invitacion/system/Database/MySQLi/Connection.php:314
Stack trace:
#0 /home/miguel/Escritorio/invitacion/system/Database/MySQLi/Connection.php(314): mysqli->query()
#1 /home/miguel/Escritorio/invitacion/system/Database/BaseConnection.php(713): CodeIgniter\Database\MySQLi\Connection->execute()
#2 /home/miguel/Escritorio/invitacion/system/Database/BaseConnection.php(641): CodeIgniter\Database\BaseConnection->simpleQuery()
#3 /home/miguel/Escritorio/invitacion/system/Database/BaseBuilder.php(2263): CodeIgniter\Database\BaseConnection->query()
#4 /home/miguel/Escritorio/invitacion/system/Model.php(278): CodeIgniter\Database\BaseBuilder->insert()
#5 /home/miguel/Escritorio/invitacion/system/BaseModel.php(758): CodeIgniter\Model->doInsert()
#6 /home/miguel/Escritorio/invitacion/system/Model.php(705): CodeIgniter\BaseModel->insert()
#7 /home/miguel/Escritorio/invitacion/app/Controllers/Home.php(35): CodeIgniter\Model->insert()
#8 /home/miguel/Escritorio/invitacion/system/CodeIgniter.php(936): App\Controllers\Home->store()
#9 /home/miguel/Escritorio/invitacion/system/CodeIgniter.php(432): CodeIgniter\CodeIgniter->runController()
#10 /home/miguel/Escritorio/invitacion/system/CodeIgniter.php(333): CodeIgniter\CodeIgniter->handleRequest()
#11 /home/miguel/Escritorio/invitacion/public/index.php(44): CodeIgniter\CodeIgniter->run()
#12 /home/miguel/Escritorio/invitacion/system/Commands/Server/rewrite.php(45): require_once('/home/miguel/Es...')
#13 {main}
CRITICAL - 2021-03-05 22:02:33 --> Column 'nombre' cannot be null
#0 /home/miguel/Escritorio/invitacion/system/Database/MySQLi/Connection.php(314): mysqli->query()
#1 /home/miguel/Escritorio/invitacion/system/Database/BaseConnection.php(713): CodeIgniter\Database\MySQLi\Connection->execute()
#2 /home/miguel/Escritorio/invitacion/system/Database/BaseConnection.php(641): CodeIgniter\Database\BaseConnection->simpleQuery()
#3 /home/miguel/Escritorio/invitacion/system/Database/BaseBuilder.php(2263): CodeIgniter\Database\BaseConnection->query()
#4 /home/miguel/Escritorio/invitacion/system/Model.php(278): CodeIgniter\Database\BaseBuilder->insert()
#5 /home/miguel/Escritorio/invitacion/system/BaseModel.php(758): CodeIgniter\Model->doInsert()
#6 /home/miguel/Escritorio/invitacion/system/Model.php(705): CodeIgniter\BaseModel->insert()
#7 /home/miguel/Escritorio/invitacion/app/Controllers/Home.php(35): CodeIgniter\Model->insert()
#8 /home/miguel/Escritorio/invitacion/system/CodeIgniter.php(936): App\Controllers\Home->store()
#9 /home/miguel/Escritorio/invitacion/system/CodeIgniter.php(432): CodeIgniter\CodeIgniter->runController()
#10 /home/miguel/Escritorio/invitacion/system/CodeIgniter.php(333): CodeIgniter\CodeIgniter->handleRequest()
#11 /home/miguel/Escritorio/invitacion/public/index.php(44): CodeIgniter\CodeIgniter->run()
#12 /home/miguel/Escritorio/invitacion/system/Commands/Server/rewrite.php(45): require_once('/home/miguel/Es...')
#13 {main}
