ERROR - 2021-03-09 07:42:38 --> mysqli_sql_exception: Column 'nombre' cannot be null in /home/miguel/Escritorio/invitacion/system/Database/MySQLi/Connection.php:314
Stack trace:
#0 /home/miguel/Escritorio/invitacion/system/Database/MySQLi/Connection.php(314): mysqli->query()
#1 /home/miguel/Escritorio/invitacion/system/Database/BaseConnection.php(713): CodeIgniter\Database\MySQLi\Connection->execute()
#2 /home/miguel/Escritorio/invitacion/system/Database/BaseConnection.php(641): CodeIgniter\Database\BaseConnection->simpleQuery()
#3 /home/miguel/Escritorio/invitacion/system/Database/BaseBuilder.php(2263): CodeIgniter\Database\BaseConnection->query()
#4 /home/miguel/Escritorio/invitacion/system/Model.php(278): CodeIgniter\Database\BaseBuilder->insert()
#5 /home/miguel/Escritorio/invitacion/system/BaseModel.php(758): CodeIgniter\Model->doInsert()
#6 /home/miguel/Escritorio/invitacion/system/Model.php(705): CodeIgniter\BaseModel->insert()
#7 /home/miguel/Escritorio/invitacion/app/Controllers/Home.php(36): CodeIgniter\Model->insert()
#8 /home/miguel/Escritorio/invitacion/system/CodeIgniter.php(936): App\Controllers\Home->store()
#9 /home/miguel/Escritorio/invitacion/system/CodeIgniter.php(432): CodeIgniter\CodeIgniter->runController()
#10 /home/miguel/Escritorio/invitacion/system/CodeIgniter.php(333): CodeIgniter\CodeIgniter->handleRequest()
#11 /home/miguel/Escritorio/invitacion/public/index.php(44): CodeIgniter\CodeIgniter->run()
#12 /home/miguel/Escritorio/invitacion/system/Commands/Server/rewrite.php(45): require_once('/home/miguel/Es...')
#13 {main}
CRITICAL - 2021-03-09 07:42:38 --> Column 'nombre' cannot be null
#0 /home/miguel/Escritorio/invitacion/system/Database/MySQLi/Connection.php(314): mysqli->query()
#1 /home/miguel/Escritorio/invitacion/system/Database/BaseConnection.php(713): CodeIgniter\Database\MySQLi\Connection->execute()
#2 /home/miguel/Escritorio/invitacion/system/Database/BaseConnection.php(641): CodeIgniter\Database\BaseConnection->simpleQuery()
#3 /home/miguel/Escritorio/invitacion/system/Database/BaseBuilder.php(2263): CodeIgniter\Database\BaseConnection->query()
#4 /home/miguel/Escritorio/invitacion/system/Model.php(278): CodeIgniter\Database\BaseBuilder->insert()
#5 /home/miguel/Escritorio/invitacion/system/BaseModel.php(758): CodeIgniter\Model->doInsert()
#6 /home/miguel/Escritorio/invitacion/system/Model.php(705): CodeIgniter\BaseModel->insert()
#7 /home/miguel/Escritorio/invitacion/app/Controllers/Home.php(36): CodeIgniter\Model->insert()
#8 /home/miguel/Escritorio/invitacion/system/CodeIgniter.php(936): App\Controllers\Home->store()
#9 /home/miguel/Escritorio/invitacion/system/CodeIgniter.php(432): CodeIgniter\CodeIgniter->runController()
#10 /home/miguel/Escritorio/invitacion/system/CodeIgniter.php(333): CodeIgniter\CodeIgniter->handleRequest()
#11 /home/miguel/Escritorio/invitacion/public/index.php(44): CodeIgniter\CodeIgniter->run()
#12 /home/miguel/Escritorio/invitacion/system/Commands/Server/rewrite.php(45): require_once('/home/miguel/Es...')
#13 {main}
ERROR - 2021-03-09 07:42:52 --> mysqli_sql_exception: Column 'nombre' cannot be null in /home/miguel/Escritorio/invitacion/system/Database/MySQLi/Connection.php:314
Stack trace:
#0 /home/miguel/Escritorio/invitacion/system/Database/MySQLi/Connection.php(314): mysqli->query()
#1 /home/miguel/Escritorio/invitacion/system/Database/BaseConnection.php(713): CodeIgniter\Database\MySQLi\Connection->execute()
#2 /home/miguel/Escritorio/invitacion/system/Database/BaseConnection.php(641): CodeIgniter\Database\BaseConnection->simpleQuery()
#3 /home/miguel/Escritorio/invitacion/system/Database/BaseBuilder.php(2263): CodeIgniter\Database\BaseConnection->query()
#4 /home/miguel/Escritorio/invitacion/system/Model.php(278): CodeIgniter\Database\BaseBuilder->insert()
#5 /home/miguel/Escritorio/invitacion/system/BaseModel.php(758): CodeIgniter\Model->doInsert()
#6 /home/miguel/Escritorio/invitacion/system/Model.php(705): CodeIgniter\BaseModel->insert()
#7 /home/miguel/Escritorio/invitacion/app/Controllers/Home.php(36): CodeIgniter\Model->insert()
#8 /home/miguel/Escritorio/invitacion/system/CodeIgniter.php(936): App\Controllers\Home->store()
#9 /home/miguel/Escritorio/invitacion/system/CodeIgniter.php(432): CodeIgniter\CodeIgniter->runController()
#10 /home/miguel/Escritorio/invitacion/system/CodeIgniter.php(333): CodeIgniter\CodeIgniter->handleRequest()
#11 /home/miguel/Escritorio/invitacion/public/index.php(44): CodeIgniter\CodeIgniter->run()
#12 /home/miguel/Escritorio/invitacion/system/Commands/Server/rewrite.php(45): require_once('/home/miguel/Es...')
#13 {main}
CRITICAL - 2021-03-09 07:42:52 --> Column 'nombre' cannot be null
#0 /home/miguel/Escritorio/invitacion/system/Database/MySQLi/Connection.php(314): mysqli->query()
#1 /home/miguel/Escritorio/invitacion/system/Database/BaseConnection.php(713): CodeIgniter\Database\MySQLi\Connection->execute()
#2 /home/miguel/Escritorio/invitacion/system/Database/BaseConnection.php(641): CodeIgniter\Database\BaseConnection->simpleQuery()
#3 /home/miguel/Escritorio/invitacion/system/Database/BaseBuilder.php(2263): CodeIgniter\Database\BaseConnection->query()
#4 /home/miguel/Escritorio/invitacion/system/Model.php(278): CodeIgniter\Database\BaseBuilder->insert()
#5 /home/miguel/Escritorio/invitacion/system/BaseModel.php(758): CodeIgniter\Model->doInsert()
#6 /home/miguel/Escritorio/invitacion/system/Model.php(705): CodeIgniter\BaseModel->insert()
#7 /home/miguel/Escritorio/invitacion/app/Controllers/Home.php(36): CodeIgniter\Model->insert()
#8 /home/miguel/Escritorio/invitacion/system/CodeIgniter.php(936): App\Controllers\Home->store()
#9 /home/miguel/Escritorio/invitacion/system/CodeIgniter.php(432): CodeIgniter\CodeIgniter->runController()
#10 /home/miguel/Escritorio/invitacion/system/CodeIgniter.php(333): CodeIgniter\CodeIgniter->handleRequest()
#11 /home/miguel/Escritorio/invitacion/public/index.php(44): CodeIgniter\CodeIgniter->run()
#12 /home/miguel/Escritorio/invitacion/system/Commands/Server/rewrite.php(45): require_once('/home/miguel/Es...')
#13 {main}
ERROR - 2021-03-09 08:37:14 --> mysqli_sql_exception: Column 'nombre' cannot be null in /home/miguel/Escritorio/invitacion/system/Database/MySQLi/Connection.php:314
Stack trace:
#0 /home/miguel/Escritorio/invitacion/system/Database/MySQLi/Connection.php(314): mysqli->query()
#1 /home/miguel/Escritorio/invitacion/system/Database/BaseConnection.php(713): CodeIgniter\Database\MySQLi\Connection->execute()
#2 /home/miguel/Escritorio/invitacion/system/Database/BaseConnection.php(641): CodeIgniter\Database\BaseConnection->simpleQuery()
#3 /home/miguel/Escritorio/invitacion/system/Database/BaseBuilder.php(2263): CodeIgniter\Database\BaseConnection->query()
#4 /home/miguel/Escritorio/invitacion/system/Model.php(278): CodeIgniter\Database\BaseBuilder->insert()
#5 /home/miguel/Escritorio/invitacion/system/BaseModel.php(758): CodeIgniter\Model->doInsert()
#6 /home/miguel/Escritorio/invitacion/system/Model.php(705): CodeIgniter\BaseModel->insert()
#7 /home/miguel/Escritorio/invitacion/app/Controllers/Home.php(36): CodeIgniter\Model->insert()
#8 /home/miguel/Escritorio/invitacion/system/CodeIgniter.php(936): App\Controllers\Home->store()
#9 /home/miguel/Escritorio/invitacion/system/CodeIgniter.php(432): CodeIgniter\CodeIgniter->runController()
#10 /home/miguel/Escritorio/invitacion/system/CodeIgniter.php(333): CodeIgniter\CodeIgniter->handleRequest()
#11 /home/miguel/Escritorio/invitacion/public/index.php(44): CodeIgniter\CodeIgniter->run()
#12 /home/miguel/Escritorio/invitacion/system/Commands/Server/rewrite.php(45): require_once('/home/miguel/Es...')
#13 {main}
CRITICAL - 2021-03-09 08:37:14 --> Column 'nombre' cannot be null
#0 /home/miguel/Escritorio/invitacion/system/Database/MySQLi/Connection.php(314): mysqli->query()
#1 /home/miguel/Escritorio/invitacion/system/Database/BaseConnection.php(713): CodeIgniter\Database\MySQLi\Connection->execute()
#2 /home/miguel/Escritorio/invitacion/system/Database/BaseConnection.php(641): CodeIgniter\Database\BaseConnection->simpleQuery()
#3 /home/miguel/Escritorio/invitacion/system/Database/BaseBuilder.php(2263): CodeIgniter\Database\BaseConnection->query()
#4 /home/miguel/Escritorio/invitacion/system/Model.php(278): CodeIgniter\Database\BaseBuilder->insert()
#5 /home/miguel/Escritorio/invitacion/system/BaseModel.php(758): CodeIgniter\Model->doInsert()
#6 /home/miguel/Escritorio/invitacion/system/Model.php(705): CodeIgniter\BaseModel->insert()
#7 /home/miguel/Escritorio/invitacion/app/Controllers/Home.php(36): CodeIgniter\Model->insert()
#8 /home/miguel/Escritorio/invitacion/system/CodeIgniter.php(936): App\Controllers\Home->store()
#9 /home/miguel/Escritorio/invitacion/system/CodeIgniter.php(432): CodeIgniter\CodeIgniter->runController()
#10 /home/miguel/Escritorio/invitacion/system/CodeIgniter.php(333): CodeIgniter\CodeIgniter->handleRequest()
#11 /home/miguel/Escritorio/invitacion/public/index.php(44): CodeIgniter\CodeIgniter->run()
#12 /home/miguel/Escritorio/invitacion/system/Commands/Server/rewrite.php(45): require_once('/home/miguel/Es...')
#13 {main}
